# JRE version: Java(TM) SE Runtime Environment (9.0+11) (build 9.0.4+11)
# Java VM: Java HotSpot(TM) 64-Bit Server VM (9.0.4+11, mixed mode, tiered, compressed oops, g1 gc, windows-amd64)
Heap:
 garbage-first heap   total 274432K, used 101648K [0x0000000700000000, 0x0000000700100860, 0x00000007c0000000)
  region size 1024K, 4 young (4096K), 0 survivors (0K)
 Metaspace       used 91247K, capacity 94365K, committed 97840K, reserved 1134592K
  class space    used 12063K, capacity 12661K, committed 13360K, reserved 1048576K
GC Heap History (10 events):
Event: 19165.775 GC heap before
{Heap before GC invocations=1256 (full 32):
 garbage-first heap   total 274432K, used 167546K [0x0000000700000000, 0x0000000700100860, 0x00000007c0000000)
  region size 1024K, 60 young (61440K), 2 survivors (2048K)
 Metaspace       used 91289K, capacity 94483K, committed 97840K, reserved 1134592K
  class space    used 12077K, capacity 12688K, committed 13360K, reserved 1048576K
}
Event: 19165.814 GC heap after
{Heap after GC invocations=1257 (full 32):
 garbage-first heap   total 274432K, used 108183K [0x0000000700000000, 0x0000000700100860, 0x00000007c0000000)
  region size 1024K, 2 young (2048K), 2 survivors (2048K)
 Metaspace       used 91289K, capacity 94483K, committed 97840K, reserved 1134592K
  class space    used 12077K, capacity 12688K, committed 13360K, reserved 1048576K
}
Event: 19168.962 GC heap before
{Heap before GC invocations=1257 (full 32):
 garbage-first heap   total 274432K, used 167575K [0x0000000700000000, 0x0000000700100860, 0x00000007c0000000)
  region size 1024K, 60 young (61440K), 2 survivors (2048K)
 Metaspace       used 91292K, capacity 94483K, committed 97840K, reserved 1134592K
  class space    used 12077K, capacity 12688K, committed 13360K, reserved 1048576K
}
Event: 19168.968 GC heap after
{Heap after GC invocations=1258 (full 32):
 garbage-first heap   total 274432K, used 108315K [0x0000000700000000, 0x0000000700100860, 0x00000007c0000000)
  region size 1024K, 2 young (2048K), 2 survivors (2048K)
 Metaspace       used 91292K, capacity 94483K, committed 97840K, reserved 1134592K
  class space    used 12077K, capacity 12688K, committed 13360K, reserved 1048576K
}
Event: 19176.462 GC heap before
{Heap before GC invocations=1258 (full 32):
 garbage-first heap   total 274432K, used 167707K [0x0000000700000000, 0x0000000700100860, 0x00000007c0000000)
  region size 1024K, 60 young (61440K), 2 survivors (2048K)
 Metaspace       used 91294K, capacity 94483K, committed 97840K, reserved 1134592K
  class space    used 12078K, capacity 12688K, committed 13360K, reserved 1048576K
}
Event: 19176.467 GC heap after
{Heap after GC invocations=1259 (full 32):
 garbage-first heap   total 274432K, used 108250K [0x0000000700000000, 0x0000000700100860, 0x00000007c0000000)
  region size 1024K, 2 young (2048K), 2 survivors (2048K)
 Metaspace       used 91294K, capacity 94483K, committed 97840K, reserved 1134592K
  class space    used 12078K, capacity 12688K, committed 13360K, reserved 1048576K
}
Event: 19178.739 GC heap before
{Heap before GC invocations=1259 (full 32):
 garbage-first heap   total 274432K, used 167642K [0x0000000700000000, 0x0000000700100860, 0x00000007c0000000)
  region size 1024K, 60 young (61440K), 2 survivors (2048K)
 Metaspace       used 91294K, capacity 94483K, committed 97840K, reserved 1134592K
  class space    used 12078K, capacity 12688K, committed 13360K, reserved 1048576K
}
Event: 19178.779 GC heap after
{Heap after GC invocations=1260 (full 32):
 garbage-first heap   total 274432K, used 108541K [0x0000000700000000, 0x0000000700100860, 0x00000007c0000000)
  region size 1024K, 2 young (2048K), 2 survivors (2048K)
 Metaspace       used 91294K, capacity 94483K, committed 97840K, reserved 1134592K
  class space    used 12078K, capacity 12688K, committed 13360K, reserved 1048576K
}
Event: 19179.925 GC heap before
{Heap before GC invocations=1260 (full 32):
 garbage-first heap   total 274432K, used 130045K [0x0000000700000000, 0x0000000700100860, 0x00000007c0000000)
  region size 1024K, 14 young (14336K), 2 survivors (2048K)
 Metaspace       used 91295K, capacity 94483K, committed 97840K, reserved 1134592K
  class space    used 12078K, capacity 12688K, committed 13360K, reserved 1048576K
}
Event: 19180.498 GC heap after
{Heap after GC invocations=1261 (full 33):
 garbage-first heap   total 274432K, used 98576K [0x0000000700000000, 0x0000000700100860, 0x00000007c0000000)
  region size 1024K, 0 young (0K), 0 survivors (0K)
 Metaspace       used 91247K, capacity 94365K, committed 97840K, reserved 1134592K
  class space    used 12063K, capacity 12661K, committed 13360K, reserved 1048576K
}

